Using pre-set license
Built from '2021.1/staging' branch; Version is '2021.1.7f1 (d91830b65d9b) revision 14227504'; Using compiler version '192528614'; Build Type 'Release'
OS: 'Windows 10 Education; OS build 19043.1237; Version 2009; 64bit' Language: 'en' Physical Memory: 16247 MB
BatchMode: 1, IsHumanControllingUs: 0, StartBugReporterOnCrash: 0, Is64bit: 1, IsPro: 0

 COMMAND LINE ARGUMENTS:
C:\Program Files\Unity 2021.1.7f1\Editor\Unity.exe
-adb2
-batchMode
-noUpm
-name
AssetImportWorker0
-projectPath
C:/Users/8w.h4/Documents/GitHub/Through_The_Ages/Through The Ages
-logFile
Logs/AssetImportWorker0.log
-srvPort
50838
Successfully changed project path to: C:/Users/8w.h4/Documents/GitHub/Through_The_Ages/Through The Ages
C:/Users/8w.h4/Documents/GitHub/Through_The_Ages/Through The Ages
Using Asset Import Pipeline V2.
Refreshing native plugins compatible for Editor in 65.90 ms, found 1 plugins.
Preloading 0 native plugins for Editor in 0.00 ms.
Initialize engine version: 2021.1.7f1 (d91830b65d9b)
[Subsystems] Discovering subsystems at path C:/Program Files/Unity 2021.1.7f1/Editor/Data/Resources/UnitySubsystems
[Subsystems] Discovering subsystems at path C:/Users/8w.h4/Documents/GitHub/Through_The_Ages/Through The Ages/Assets
GfxDevice: creating device client; threaded=0; jobified=0
Direct3D:
    Version:  Direct3D 11.0 [level 11.1]
    Renderer: AMD Radeon R7 450 (ID=0x682b)
    Vendor:   ATI
    VRAM:     4076 MB
    Driver:   24.20.11020.3002
Initialize mono
Mono path[0] = 'C:/Program Files/Unity 2021.1.7f1/Editor/Data/Managed'
Mono path[1] = 'C:/Program Files/Unity 2021.1.7f1/Editor/Data/MonoBleedingEdge/lib/mono/unityjit'
Mono config path = 'C:/Program Files/Unity 2021.1.7f1/Editor/Data/MonoBleedingEdge/etc'
Using monoOptions --debugger-agent=transport=dt_socket,embedding=1,server=y,suspend=n,address=127.0.0.1:56756
Begin MonoManager ReloadAssembly
Registering precompiled unity dll's ...
Register platform support module: C:/Program Files/Unity 2021.1.7f1/Editor/Data/PlaybackEngines/WebGLSupport/UnityEditor.WebGL.Extensions.dll
Register platform support module: C:/Program Files/Unity 2021.1.7f1/Editor/Data/PlaybackEngines/WindowsStandaloneSupport/UnityEditor.WindowsStandalone.Extensions.dll
Registered in 0.002080 seconds.
Native extension for WindowsStandalone target not found
Native extension for WebGL target not found
Refreshing native plugins compatible for Editor in 68.92 ms, found 1 plugins.
Preloading 0 native plugins for Editor in 0.00 ms.
Mono: successfully reloaded assembly
- Completed reload, in  1.239 seconds
Platform modules already initialized, skipping
Registering precompiled user dll's ...
Registered in 0.002449 seconds.
Begin MonoManager ReloadAssembly
Symbol file LoadedFromMemory doesn't match image C:\Users\8w.h4\Documents\GitHub\Through_The_Ages\Through The Ages\Library\PackageCache\com.unity.visualscripting@1.6.1\Editor\VisualScripting.Core\Dependencies\YamlDotNet\Unity.VisualScripting.YamlDotNet.dll
Symbol file LoadedFromMemory doesn't match image C:\Users\8w.h4\Documents\GitHub\Through_The_Ages\Through The Ages\Library\PackageCache\com.unity.visualscripting@1.6.1\Editor\VisualScripting.Core\Dependencies\DotNetZip\Unity.VisualScripting.IonicZip.dll
Native extension for WindowsStandalone target not found
Native extension for WebGL target not found
Refreshing native plugins compatible for Editor in 0.44 ms, found 1 plugins.
Preloading 0 native plugins for Editor in 0.00 ms.
Mono: successfully reloaded assembly
- Completed reload, in  0.858 seconds
Platform modules already initialized, skipping
========================================================================
Worker process is ready to serve import requests
Launched and connected shader compiler UnityShaderCompiler.exe after 0.03 seconds
Refreshing native plugins compatible for Editor in 0.42 ms, found 1 plugins.
Preloading 0 native plugins for Editor in 0.00 ms.
Unloading 2666 Unused Serialized files (Serialized files now loaded: 0)
System memory in use before: 98.1 MB.
System memory in use after: 98.3 MB.

Unloading 14 unused Assets to reduce memory usage. Loaded Objects now: 3119.
Total: 2.336600 ms (FindLiveObjects: 0.243600 ms CreateObjectMapping: 0.145800 ms MarkObjects: 1.865100 ms  DeleteObjects: 0.081100 ms)

========================================================================
Received Import Request.
  path: Assets
  artifactKey: Guid(00000000000000001000000000000000) Importer(815301076,1909f56bfc062723c751e8b465ee728b)
Start importing Assets using Guid(00000000000000001000000000000000) Importer(815301076,1909f56bfc062723c751e8b465ee728b)  -> (artifact id: '42d402b061de3733987d63b9cc3b64de') in 0.005929 seconds 
========================================================================
Received Import Request.
  Time since last request: 1.448958 seconds.
  path: Assets/Assets
  artifactKey: Guid(2083f7e3e90dd284d96b8303993bae03) Importer(815301076,1909f56bfc062723c751e8b465ee728b)
Start importing Assets/Assets using Guid(2083f7e3e90dd284d96b8303993bae03) Importer(815301076,1909f56bfc062723c751e8b465ee728b)  -> (artifact id: '529a42abac4513da91f5a0159b97aad0') in 0.001659 seconds 
========================================================================
Received Import Request.
  Time since last request: 10.453320 seconds.
  path: Assets/Scipts
  artifactKey: Guid(09f0d29fbcdf34f45be92ea641f0d4a5) Importer(815301076,1909f56bfc062723c751e8b465ee728b)
Start importing Assets/Scipts using Guid(09f0d29fbcdf34f45be92ea641f0d4a5) Importer(815301076,1909f56bfc062723c751e8b465ee728b)  -> (artifact id: '6d8f6a040be2ba768bd9750798d51570') in 0.001621 seconds 
========================================================================
Received Import Request.
  Time since last request: 10.388728 seconds.
  path: Assets/Prefabs
  artifactKey: Guid(92d90cd93fc57204a8f731e4f9413c8d) Importer(815301076,1909f56bfc062723c751e8b465ee728b)
Start importing Assets/Prefabs using Guid(92d90cd93fc57204a8f731e4f9413c8d) Importer(815301076,1909f56bfc062723c751e8b465ee728b)  -> (artifact id: '9e409f73dd3464c5a90145c6af01daec') in 0.001543 seconds 
========================================================================
Received Import Request.
  Time since last request: 7.465335 seconds.
  path: Assets/Mats
  artifactKey: Guid(a78ba5119f2c2c84c8ae2cb886dbb4aa) Importer(815301076,1909f56bfc062723c751e8b465ee728b)
Start importing Assets/Mats using Guid(a78ba5119f2c2c84c8ae2cb886dbb4aa) Importer(815301076,1909f56bfc062723c751e8b465ee728b)  -> (artifact id: '53c112501c50f27f22ef76e40b738d92') in 0.015441 seconds 
AssetImportWorkerClient::OnTransportError - code=2 error=End of file
